<?xml version="1.0" encoding="UTF-8"?>
<testsuite xmlns:xsi="http://www.w3.org/2001/XMLSchema-instance" xsi:noNamespaceSchemaLocation="https://maven.apache.org/surefire/maven-surefire-plugin/xsd/surefire-test-report.xsd" version="3.0.2" name="com.ncnl.workflow_admin.WorkflowAdminApplicationTests" time="7.18" tests="1" errors="0" skipped="0" failures="0">
  <properties>
[...]
</properties>
  <testcase name="contextLoads" classname="com.ncnl.workflow_admin.WorkflowAdminApplicationTests" time="1.115">
    <system-out><![CDATA[17:19:45.838 [main] INFO org.springframework.test.context.support.AnnotationConfigContextLoaderUtils -- Could not detect default configuration classes for test class [com.ncnl.workflow_admin.WorkflowAdminApplicationTests]: WorkflowAdminApplicationTests does not declare any static, non-private, non-final, nested classes annotated with @Configuration.
17:19:46.053 [main] INFO org.springframework.boot.test.context.SpringBootTestContextBootstrapper -- Found @SpringBootConfiguration com.ncnl.workflow_admin.WorkflowAdminApplication for test class com.ncnl.workflow_admin.WorkflowAdminApplicationTests

  .   ____          _            __ _ _
 /\\ / ___'_ __ _ _(_)_ __  __ _ \ \ \ \
( ( )\___ | '_ | '_| | '_ \/ _` | \ \ \ \
 \\/  ___)| |_)| | | | | || (_| |  ) ) ) )
  '  |____| .__|_| |_|_| |_\__, | / / / /
 =========|_|==============|___/=/_/_/_/

 :: Spring Boot ::                (v3.4.4)

2025-03-24T17:19:46.894+08:00  INFO 9936 --- [admin-service] [           main] c.n.w.WorkflowAdminApplicationTests      : Starting WorkflowAdminApplicationTests using Java 21.0.4 with PID 9936 (started by jaspe_d94hcs9 in C:\Projects\workflow_BE\Java\workflow-admin\workflow-admin)
2025-03-24T17:19:46.898+08:00  INFO 9936 --- [admin-service] [           main] c.n.w.WorkflowAdminApplicationTests      : No active profile set, falling back to 1 default profile: "default"
2025-03-24T17:19:50.021+08:00  WARN 9936 --- [admin-service] [           main] ion$DefaultTemplateResolverConfiguration : Cannot find template location: classpath:/templates/ (please add some templates, check your Thymeleaf configuration, or set spring.thymeleaf.check-template-location=false)
2025-03-24T17:19:51.022+08:00  INFO 9936 --- [admin-service] [           main] o.s.b.a.e.web.EndpointLinksResolver      : Exposing 1 endpoint beneath base path '/actuator'
2025-03-24T17:19:51.512+08:00  INFO 9936 --- [admin-service] [           main] c.n.w.WorkflowAdminApplicationTests      : Started WorkflowAdminApplicationTests in 5.205 seconds (process running for 6.913)
]]></system-out>
    <system-err><![CDATA[Mockito is currently self-attaching to enable the inline-mock-maker. This will no longer work in future releases of the JDK. Please add Mockito as an agent to your build what is described in Mockito's documentation: https://javadoc.io/doc/org.mockito/mockito-core/latest/org/mockito/Mockito.html#0.3
WARNING: A Java agent has been loaded dynamically (C:\Users\jaspe_d94hcs9\.m2\repository\net\bytebuddy\byte-buddy-agent\1.15.11\byte-buddy-agent-1.15.11.jar)
WARNING: If a serviceability tool is in use, please run with -XX:+EnableDynamicAgentLoading to hide this warning
WARNING: If a serviceability tool is not in use, please run with -Djdk.instrument.traceUsage for more information
WARNING: Dynamic loading of agents will be disallowed by default in a future release
]]></system-err>
  </testcase>
</testsuite>